<?xml version="1.0" encoding="UTF-8"?>
<coverage generated="1526233458653" clover="3.2.0">
  <project timestamp="1526233458653" name="All files">
    <metrics statements="11" coveredstatements="10" conditionals="5" coveredconditionals="4" methods="7" coveredmethods="7" elements="23" coveredelements="21" complexity="0" loc="11" ncloc="11" packages="1" files="1" classes="1">
      <file name="cat.js" path="/Users/alejandrojovermorales/Downloads/WebDev/iepublishing/src/04-test-intro/cat.js">
        <metrics statements="11" coveredstatements="10" conditionals="5" coveredconditionals="4" methods="7" coveredmethods="7"/>
        <line num="3" count="11" type="stmt"/>
        <line num="4" count="11" type="stmt"/>
        <line num="5" count="11" type="stmt"/>
        <line num="9" count="2" type="stmt"/>
        <line num="13" count="2" type="cond" truecount="2" falsecount="0"/>
        <line num="17" count="1" type="cond" truecount="1" falsecount="1"/>
        <line num="18" count="1" type="stmt"/>
        <line num="21" count="0" type="stmt"/>
        <line num="25" count="1" type="stmt"/>
        <line num="26" count="1" type="stmt"/>
        <line num="31" count="2" type="stmt"/>
      </file>
    </metrics>
  </project>
</coverage>
