TN:
SF:/Users/alejandrojovermorales/Downloads/WebDev/iepublishing/src/04-test-intro/cat.js
FN:2,(anonymous_0)
FN:8,(anonymous_1)
FN:12,(anonymous_2)
FN:16,(anonymous_3)
FN:24,(anonymous_4)
FN:25,(anonymous_5)
FN:30,(anonymous_6)
FNF:7
FNH:7
FNDA:11,(anonymous_0)
FNDA:2,(anonymous_1)
FNDA:2,(anonymous_2)
FNDA:1,(anonymous_3)
FNDA:1,(anonymous_4)
FNDA:1,(anonymous_5)
FNDA:2,(anonymous_6)
DA:3,11
DA:4,11
DA:5,11
DA:9,2
DA:13,2
DA:17,1
DA:18,1
DA:21,0
DA:25,1
DA:26,1
DA:31,2
LF:11
LH:10
BRDA:2,0,0,10
BRDA:13,1,0,1
BRDA:13,1,1,1
BRDA:17,2,0,1
BRDA:17,2,1,0
BRF:5
BRH:4
end_of_record
